<?xml version="1.0" encoding="UTF-8"?>
<!-- Generated by org.testng.reporters.JUnitReportReporter -->
<testsuite hostname="mbp-emironov" failures="0" tests="2" name="BUnitTest" time="0.001" errors="0" timestamp="2024-03-02T18:22:11 MSK" skipped="0">
  <testcase classname="BUnitTest" name="archTest2" time="0.000"/>
  <system-out/>
  <testcase classname="BUnitTest" name="archTest1" time="0.001"/>
  <system-out/>
</testsuite> <!-- BUnitTest -->
