<?xml version="1.0" encoding="UTF-8"?>
<!-- Generated by org.testng.reporters.JUnitReportReporter -->
<testsuite hostname="mbp-emironov" failures="0" tests="3" name="CalcTest" time="0.002" errors="0" timestamp="2024-03-02T18:22:11 MSK" skipped="0">
  <testcase classname="CalcTest" name="divDoubleTest" time="0.001"/>
  <system-out/>
  <testcase classname="CalcTest" name="sumTest" time="0.000"/>
  <system-out/>
  <testcase classname="CalcTest" name="divIntTest" time="0.001"/>
  <system-out/>
</testsuite> <!-- CalcTest -->
